# JRE version: Java(TM) SE Runtime Environment (8.0_251-b08) (build 1.8.0_251-b08)
# Java VM: Java HotSpot(TM) 64-Bit Server VM (25.251-b08 mixed mode windows-amd64 compressed oops)
Heap:
 PSYoungGen      total 169472K, used 72136K [0x00000000d5e00000, 0x00000000e1980000, 0x0000000100000000)
  eden space 158208K, 45% used [0x00000000d5e00000,0x00000000da472088,0x00000000df880000)
  from space 11264K, 0% used [0x00000000e0500000,0x00000000e0500000,0x00000000e1000000)
  to   space 12800K, 0% used [0x00000000df880000,0x00000000df880000,0x00000000e0500000)
 ParOldGen       total 88576K, used 15393K [0x0000000081a00000, 0x0000000087080000, 0x00000000d5e00000)
  object space 88576K, 17% used [0x0000000081a00000,0x00000000829087a0,0x0000000087080000)
 Metaspace       used 41687K, capacity 43814K, committed 44120K, reserved 1087488K
  class space    used 5578K, capacity 5951K, committed 6016K, reserved 1048576K
GC Heap History (10 events):
Event: 1.743 GC heap before
{Heap before GC invocations=6 (full 1):
 PSYoungGen      total 71680K, used 66560K [0x00000000d5e00000, 0x00000000da900000, 0x0000000100000000)
  eden space 66560K, 100% used [0x00000000d5e00000,0x00000000d9f00000,0x00000000d9f00000)
  from space 5120K, 0% used [0x00000000da400000,0x00000000da400000,0x00000000da900000)
  to   space 5120K, 0% used [0x00000000d9f00000,0x00000000d9f00000,0x00000000da400000)
 ParOldGen       total 60416K, used 8766K [0x0000000081a00000, 0x0000000085500000, 0x00000000d5e00000)
  object space 60416K, 14% used [0x0000000081a00000,0x000000008228fab8,0x0000000085500000)
 Metaspace       used 22851K, capacity 24318K, committed 24576K, reserved 1071104K
  class space    used 2964K, capacity 3267K, committed 3328K, reserved 1048576K
Event: 1.751 GC heap after
Heap after GC invocations=6 (full 1):
 PSYoungGen      total 71680K, used 5114K [0x00000000d5e00000, 0x00000000dd500000, 0x0000000100000000)
  eden space 66560K, 0% used [0x00000000d5e00000,0x00000000d5e00000,0x00000000d9f00000)
  from space 5120K, 99% used [0x00000000d9f00000,0x00000000da3fea98,0x00000000da400000)
  to   space 9216K, 0% used [0x00000000dcc00000,0x00000000dcc00000,0x00000000dd500000)
 ParOldGen       total 60416K, used 10181K [0x0000000081a00000, 0x0000000085500000, 0x00000000d5e00000)
  object space 60416K, 16% used [0x0000000081a00000,0x00000000823f1760,0x0000000085500000)
 Metaspace       used 22851K, capacity 24318K, committed 24576K, reserved 1071104K
  class space    used 2964K, capacity 3267K, committed 3328K, reserved 1048576K
}
Event: 1.929 GC heap before
{Heap before GC invocations=7 (full 1):
 PSYoungGen      total 71680K, used 71674K [0x00000000d5e00000, 0x00000000dd500000, 0x0000000100000000)
  eden space 66560K, 100% used [0x00000000d5e00000,0x00000000d9f00000,0x00000000d9f00000)
  from space 5120K, 99% used [0x00000000d9f00000,0x00000000da3fea98,0x00000000da400000)
  to   space 9216K, 0% used [0x00000000dcc00000,0x00000000dcc00000,0x00000000dd500000)
 ParOldGen       total 60416K, used 10181K [0x0000000081a00000, 0x0000000085500000, 0x00000000d5e00000)
  object space 60416K, 16% used [0x0000000081a00000,0x00000000823f1760,0x0000000085500000)
 Metaspace       used 24367K, capacity 25870K, committed 25984K, reserved 1071104K
  class space    used 3159K, capacity 3449K, committed 3456K, reserved 1048576K
Event: 1.934 GC heap after
Heap after GC invocations=7 (full 1):
 PSYoungGen      total 112640K, used 5495K [0x00000000d5e00000, 0x00000000dd600000, 0x0000000100000000)
  eden space 103424K, 0% used [0x00000000d5e00000,0x00000000d5e00000,0x00000000dc300000)
  from space 9216K, 59% used [0x00000000dcc00000,0x00000000dd15deb0,0x00000000dd500000)
  to   space 9216K, 0% used [0x00000000dc300000,0x00000000dc300000,0x00000000dcc00000)
 ParOldGen       total 60416K, used 10189K [0x0000000081a00000, 0x0000000085500000, 0x00000000d5e00000)
  object space 60416K, 16% used [0x0000000081a00000,0x00000000823f3760,0x0000000085500000)
 Metaspace       used 24367K, capacity 25870K, committed 25984K, reserved 1071104K
  class space    used 3159K, capacity 3449K, committed 3456K, reserved 1048576K
}
Event: 2.878 GC heap before
{Heap before GC invocations=8 (full 1):
 PSYoungGen      total 112640K, used 108919K [0x00000000d5e00000, 0x00000000dd600000, 0x0000000100000000)
  eden space 103424K, 100% used [0x00000000d5e00000,0x00000000dc300000,0x00000000dc300000)
  from space 9216K, 59% used [0x00000000dcc00000,0x00000000dd15deb0,0x00000000dd500000)
  to   space 9216K, 0% used [0x00000000dc300000,0x00000000dc300000,0x00000000dcc00000)
 ParOldGen       total 60416K, used 10189K [0x0000000081a00000, 0x0000000085500000, 0x00000000d5e00000)
  object space 60416K, 16% used [0x0000000081a00000,0x00000000823f3760,0x0000000085500000)
 Metaspace       used 29598K, capacity 31456K, committed 31616K, reserved 1077248K
  class space    used 3886K, capacity 4208K, committed 4224K, reserved 1048576K
Event: 2.891 GC heap after
Heap after GC invocations=8 (full 1):
 PSYoungGen      total 112640K, used 9190K [0x00000000d5e00000, 0x00000000e1000000, 0x0000000100000000)
  eden space 103424K, 0% used [0x00000000d5e00000,0x00000000d5e00000,0x00000000dc300000)
  from space 9216K, 99% used [0x00000000dc300000,0x00000000dcbf9bd0,0x00000000dcc00000)
  to   space 11264K, 0% used [0x00000000e0500000,0x00000000e0500000,0x00000000e1000000)
 ParOldGen       total 60416K, used 12498K [0x0000000081a00000, 0x0000000085500000, 0x00000000d5e00000)
  object space 60416K, 20% used [0x0000000081a00000,0x0000000082634ae0,0x0000000085500000)
 Metaspace       used 29598K, capacity 31456K, committed 31616K, reserved 1077248K
  class space    used 3886K, capacity 4208K, committed 4224K, reserved 1048576K
}
Event: 3.250 GC heap before
{Heap before GC invocations=9 (full 1):
 PSYoungGen      total 112640K, used 68021K [0x00000000d5e00000, 0x00000000e1000000, 0x0000000100000000)
  eden space 103424K, 56% used [0x00000000d5e00000,0x00000000d9773b10,0x00000000dc300000)
  from space 9216K, 99% used [0x00000000dc300000,0x00000000dcbf9bd0,0x00000000dcc00000)
  to   space 11264K, 0% used [0x00000000e0500000,0x00000000e0500000,0x00000000e1000000)
 ParOldGen       total 60416K, used 12498K [0x0000000081a00000, 0x0000000085500000, 0x00000000d5e00000)
  object space 60416K, 20% used [0x0000000081a00000,0x0000000082634ae0,0x0000000085500000)
 Metaspace       used 33392K, capacity 35362K, committed 35416K, reserved 1079296K
  class space    used 4392K, capacity 4733K, committed 4736K, reserved 1048576K
Event: 3.268 GC heap after
Heap after GC invocations=9 (full 1):
 PSYoungGen      total 169472K, used 11167K [0x00000000d5e00000, 0x00000000e1980000, 0x0000000100000000)
  eden space 158208K, 0% used [0x00000000d5e00000,0x00000000d5e00000,0x00000000df880000)
  from space 11264K, 99% used [0x00000000e0500000,0x00000000e0fe7c18,0x00000000e1000000)
  to   space 12800K, 0% used [0x00000000df880000,0x00000000df880000,0x00000000e0500000)
 ParOldGen       total 60416K, used 12506K [0x0000000081a00000, 0x0000000085500000, 0x00000000d5e00000)
  object space 60416K, 20% used [0x0000000081a00000,0x0000000082636ae0,0x0000000085500000)
 Metaspace       used 33392K, capacity 35362K, committed 35416K, reserved 1079296K
  class space    used 4392K, capacity 4733K, committed 4736K, reserved 1048576K
}
Event: 3.268 GC heap before
{Heap before GC invocations=10 (full 2):
 PSYoungGen      total 169472K, used 11167K [0x00000000d5e00000, 0x00000000e1980000, 0x0000000100000000)
  eden space 158208K, 0% used [0x00000000d5e00000,0x00000000d5e00000,0x00000000df880000)
  from space 11264K, 99% used [0x00000000e0500000,0x00000000e0fe7c18,0x00000000e1000000)
  to   space 12800K, 0% used [0x00000000df880000,0x00000000df880000,0x00000000e0500000)
 ParOldGen       total 60416K, used 12506K [0x0000000081a00000, 0x0000000085500000, 0x00000000d5e00000)
  object space 60416K, 20% used [0x0000000081a00000,0x0000000082636ae0,0x0000000085500000)
 Metaspace       used 33392K, capacity 35362K, committed 35416K, reserved 1079296K
  class space    used 4392K, capacity 4733K, committed 4736K, reserved 1048576K
Event: 3.322 GC heap after
Heap after GC invocations=10 (full 2):
 PSYoungGen      total 169472K, used 0K [0x00000000d5e00000, 0x00000000e1980000, 0x0000000100000000)
  eden space 158208K, 0% used [0x00000000d5e00000,0x00000000d5e00000,0x00000000df880000)
  from space 11264K, 0% used [0x00000000e0500000,0x00000000e0500000,0x00000000e1000000)
  to   space 12800K, 0% used [0x00000000df880000,0x00000000df880000,0x00000000e0500000)
 ParOldGen       total 88576K, used 15393K [0x0000000081a00000, 0x0000000087080000, 0x00000000d5e00000)
  object space 88576K, 17% used [0x0000000081a00000,0x00000000829087a0,0x0000000087080000)
 Metaspace       used 33392K, capacity 35362K, committed 35416K, reserved 1079296K
  class space    used 4392K, capacity 4733K, committed 4736K, reserved 1048576K
}

